PLINK v1.90b3.29 64-bit (24 Dec 2015)
Options in effect:
  --file g.robertsii_std
  --freq
  --out g.robertsii_freq

Hostname: will-N550RN
Working directory: /home/will/GIT/pop_gen_exam/will/genetic diversity
Start time: Wed Mar 22 10:34:58 2017

Random number seed: 1490175298
15933 MB RAM detected; reserving 7966 MB for main workspace.
Scanning .ped file... done.
Performing single-pass .bed write (35174 variants, 26 people).
--file: g.robertsii_freq-temporary.bed + g.robertsii_freq-temporary.bim +
g.robertsii_freq-temporary.fam written.
35174 variants loaded from .bim file.
26 people (0 males, 0 females, 26 ambiguous) loaded from .fam.
Ambiguous sex IDs written to g.robertsii_freq.nosex .
Using 1 thread (no multithreaded calculations invoked.
Before main variant filters, 26 founders and 0 nonfounders present.
Calculating allele frequencies... done.
Total genotyping rate is 0.883124.
--freq: Allele frequencies (founders only) written to g.robertsii_freq.frq .

End time: Wed Mar 22 10:34:59 2017
