PLINK v1.90b3.29 64-bit (24 Dec 2015)
Options in effect:
  --file petersii_std
  --freq
  --out petersii_freq

Hostname: will-N550RN
Working directory: /home/will/GIT/pop_gen_exam/will/genetic diversity
Start time: Wed Mar 22 10:45:06 2017

Random number seed: 1490175906
15933 MB RAM detected; reserving 7966 MB for main workspace.
Scanning .ped file... done.
Performing single-pass .bed write (35174 variants, 19 people).
--file: petersii_freq-temporary.bed + petersii_freq-temporary.bim +
petersii_freq-temporary.fam written.
35174 variants loaded from .bim file.
19 people (0 males, 0 females, 19 ambiguous) loaded from .fam.
Ambiguous sex IDs written to petersii_freq.nosex .
Using 1 thread (no multithreaded calculations invoked.
Before main variant filters, 19 founders and 0 nonfounders present.
Calculating allele frequencies... done.
Total genotyping rate is 0.819457.
--freq: Allele frequencies (founders only) written to petersii_freq.frq .

End time: Wed Mar 22 10:45:06 2017
