PLINK v1.90b3.29 64-bit (24 Dec 2015)
Options in effect:
  --bfile g.robertsii_only
  --out g.robertsii_only_converted
  --recode

Hostname: will-N550RN
Working directory: /home/will/GIT/pop_gen_exam/Will's wonderous workshop!/split/g.robertsii only
Start time: Tue Mar 21 18:22:55 2017

Random number seed: 1490116975
15933 MB RAM detected; reserving 7966 MB for main workspace.
7566 variants loaded from .bim file.
26 people (0 males, 0 females, 26 ambiguous) loaded from .fam.
Ambiguous sex IDs written to g.robertsii_only_converted.nosex .
Using 1 thread (no multithreaded calculations invoked.
Before main variant filters, 26 founders and 0 nonfounders present.
Calculating allele frequencies... done.
Total genotyping rate is 0.887381.
7566 variants and 26 people pass filters and QC.
Note: No phenotypes present.
--recode to g.robertsii_only_converted.ped + g.robertsii_only_converted.map ...
done.

End time: Tue Mar 21 18:22:55 2017
