PLINK v1.90b3.29 64-bit (24 Dec 2015)
Options in effect:
  --bfile notata_only
  --out notata_only_converted
  --recode

Hostname: will-N550RN
Working directory: /home/will/GIT/pop_gen_exam/Will's wonderous workshop!/split/notata only
Start time: Tue Mar 21 18:23:31 2017

Random number seed: 1490117011
15933 MB RAM detected; reserving 7966 MB for main workspace.
7566 variants loaded from .bim file.
10 people (0 males, 0 females, 10 ambiguous) loaded from .fam.
Ambiguous sex IDs written to notata_only_converted.nosex .
Using 1 thread (no multithreaded calculations invoked.
Before main variant filters, 10 founders and 0 nonfounders present.
Calculating allele frequencies... done.
Total genotyping rate is 0.848837.
7566 variants and 10 people pass filters and QC.
Note: No phenotypes present.
--recode to notata_only_converted.ped + notata_only_converted.map ... done.

End time: Tue Mar 21 18:23:31 2017
