PLINK v1.90b3.29 64-bit (24 Dec 2015)
Options in effect:
  --bfile species_grant
  --keep-fam g.granti
  --make-bed
  --out g.granti_only

Hostname: will-N550RN
Working directory: /home/will/GIT/pop_gen_exam/Will's wonderous workshop!/split
Start time: Tue Mar 21 17:42:24 2017

Random number seed: 1490114544
15933 MB RAM detected; reserving 7966 MB for main workspace.
7566 variants loaded from .bim file.
95 people (0 males, 0 females, 95 ambiguous) loaded from .fam.
Ambiguous sex IDs written to g.granti_only.nosex .
--keep-fam: 37 people remaining.
Using 1 thread (no multithreaded calculations invoked.
Before main variant filters, 37 founders and 0 nonfounders present.
Calculating allele frequencies... done.
Total genotyping rate in remaining samples is 0.89341.
7566 variants and 37 people pass filters and QC.
Note: No phenotypes present.
--make-bed to g.granti_only.bed + g.granti_only.bim + g.granti_only.fam ...
done.

End time: Tue Mar 21 17:42:24 2017
