PLINK v1.90b3.29 64-bit (24 Dec 2015)
Options in effect:
  --bfile notata_raw
  --out notata_std
  --recode

Hostname: will-N550RN
Working directory: /home/will/GIT/pop_gen_exam/processed data/unfiltered/notata raw
Start time: Wed Mar 22 10:12:16 2017

Random number seed: 1490173936
15933 MB RAM detected; reserving 7966 MB for main workspace.
35174 variants loaded from .bim file.
10 people (0 males, 0 females, 10 ambiguous) loaded from .fam.
Ambiguous sex IDs written to notata_std.nosex .
Using 1 thread (no multithreaded calculations invoked.
Before main variant filters, 10 founders and 0 nonfounders present.
Calculating allele frequencies... done.
Total genotyping rate is 0.843427.
35174 variants and 10 people pass filters and QC.
Note: No phenotypes present.
--recode to notata_std.ped + notata_std.map ... done.

End time: Wed Mar 22 10:12:16 2017
