PLINK v1.90b3.29 64-bit (24 Dec 2015)
Options in effect:
  --bfile ./notfiltered everything/unfiltered_everything
  --fst
  --out grantii_v_notata_fst
  --within now.clst

Hostname: will-N550RN
Working directory: /home/will/GIT/pop_gen_exam/will/fst new
Start time: Wed Mar 22 09:39:36 2017

Random number seed: 1490171976
15933 MB RAM detected; reserving 7966 MB for main workspace.
35174 variants loaded from .bim file.
95 people (0 males, 0 females, 95 ambiguous) loaded from .fam.
Ambiguous sex IDs written to grantii_v_notata_fst.nosex .
--within: 2 clusters loaded, covering a total of 47 people.
Using 1 thread (no multithreaded calculations invoked.
Before main variant filters, 95 founders and 0 nonfounders present.
Calculating allele frequencies... done.
Total genotyping rate is 0.866355.
35174 variants and 95 people pass filters and QC.
Note: No phenotypes present.
Writing --fst report (2 populations) to grantii_v_notata_fst.fst ... done.
14733 markers with valid Fst estimates (20441 excluded).
Mean Fst estimate: 0.126733
Weighted Fst estimate: 0.204678

End time: Wed Mar 22 09:39:36 2017
