PLINK v1.90b3.29 64-bit (24 Dec 2015)
Options in effect:
  --bfile ./notfiltered mkazi/mkazi_everything
  --fst
  --out mkazi_v_granti_no_mkazi_fst
  --within mkazi.clst

Hostname: will-N550RN
Working directory: /home/will/GIT/pop_gen_exam/will/fst new
Start time: Wed Mar 22 13:32:07 2017

Random number seed: 1490185927
15933 MB RAM detected; reserving 7966 MB for main workspace.
35174 variants loaded from .bim file.
95 people (0 males, 0 females, 95 ambiguous) loaded from .fam.
Ambiguous sex IDs written to mkazi_v_granti_no_mkazi_fst.nosex .
--within: 2 clusters loaded, covering a total of 37 people.
Using 1 thread (no multithreaded calculations invoked.
Before main variant filters, 95 founders and 0 nonfounders present.
Calculating allele frequencies... done.
Total genotyping rate is 0.866355.
35174 variants and 95 people pass filters and QC.
Note: No phenotypes present.
Writing --fst report (2 populations) to mkazi_v_granti_no_mkazi_fst.fst ...
done.
10483 markers with valid Fst estimates (24691 excluded).
Mean Fst estimate: 0.138892
Weighted Fst estimate: 0.24731

End time: Wed Mar 22 13:32:07 2017
