PLINK v1.90b3.29 64-bit (24 Dec 2015)
Options in effect:
  --bfile raw_gazelles
  --keep-fam notata
  --make-bed
  --out notata_raw

Hostname: will-N550RN
Working directory: /home/will/GIT/pop_gen_exam/will/data prep
Start time: Tue Mar 21 20:43:03 2017

Random number seed: 1490125383
15933 MB RAM detected; reserving 7966 MB for main workspace.
35174 variants loaded from .bim file.
95 people (0 males, 0 females, 95 ambiguous) loaded from .fam.
Ambiguous sex IDs written to notata_raw.nosex .
--keep-fam: 10 people remaining.
Using 1 thread (no multithreaded calculations invoked.
Before main variant filters, 10 founders and 0 nonfounders present.
Calculating allele frequencies... done.
Total genotyping rate in remaining samples is 0.843427.
35174 variants and 10 people pass filters and QC.
Note: No phenotypes present.
--make-bed to notata_raw.bed + notata_raw.bim + notata_raw.fam ... done.

End time: Tue Mar 21 20:43:03 2017
