PLINK v1.90b3.29 64-bit (24 Dec 2015)
Options in effect:
  --bfile raw_gazelles
  --keep-fam petersii
  --make-bed
  --out petersii_raw

Hostname: will-N550RN
Working directory: /home/will/GIT/pop_gen_exam/will/data prep
Start time: Tue Mar 21 20:43:41 2017

Random number seed: 1490125421
15933 MB RAM detected; reserving 7966 MB for main workspace.
35174 variants loaded from .bim file.
95 people (0 males, 0 females, 95 ambiguous) loaded from .fam.
Ambiguous sex IDs written to petersii_raw.nosex .
--keep-fam: 19 people remaining.
Using 1 thread (no multithreaded calculations invoked.
Before main variant filters, 19 founders and 0 nonfounders present.
Calculating allele frequencies... done.
Total genotyping rate in remaining samples is 0.819457.
35174 variants and 19 people pass filters and QC.
Note: No phenotypes present.
--make-bed to petersii_raw.bed + petersii_raw.bim + petersii_raw.fam ... done.

End time: Tue Mar 21 20:43:41 2017
