PLINK v1.90b3.29 64-bit (24 Dec 2015)
Options in effect:
  --bfile petersii_only
  --out petersii_only_converted
  --recode

Hostname: will-N550RN
Working directory: /home/will/GIT/pop_gen_exam/Will's wonderous workshop!/split/petersii only
Start time: Tue Mar 21 18:24:09 2017

Random number seed: 1490117049
15933 MB RAM detected; reserving 7966 MB for main workspace.
7566 variants loaded from .bim file.
19 people (0 males, 0 females, 19 ambiguous) loaded from .fam.
Ambiguous sex IDs written to petersii_only_converted.nosex .
Using 1 thread (no multithreaded calculations invoked.
Before main variant filters, 19 founders and 0 nonfounders present.
Calculating allele frequencies... done.
Total genotyping rate is 0.824784.
7566 variants and 19 people pass filters and QC.
Note: No phenotypes present.
--recode to petersii_only_converted.ped + petersii_only_converted.map ... done.

End time: Tue Mar 21 18:24:09 2017
