PLINK v1.90b3.29 64-bit (24 Dec 2015)
Options in effect:
  --bfile ./notfiltered notoms/notfiltered_notoms
  --fst
  --out everything_v_everything_fst
  --within species_clusters_no_outgroup.clst

Hostname: will-N550RN
Working directory: /home/will/GIT/pop_gen_exam/will/Fst
Start time: Tue Mar 21 19:29:23 2017

Random number seed: 1490120963
15933 MB RAM detected; reserving 7966 MB for main workspace.
7566 variants loaded from .bim file.
92 people (0 males, 0 females, 92 ambiguous) loaded from .fam.
Ambiguous sex IDs written to everything_v_everything_fst.nosex .
--within: 4 clusters loaded, covering a total of 92 people.
Using 1 thread (no multithreaded calculations invoked.
Before main variant filters, 92 founders and 0 nonfounders present.
Calculating allele frequencies... done.
Total genotyping rate is 0.872688.
7566 variants and 92 people pass filters and QC.
Note: No phenotypes present.
Writing --fst report (4 populations) to everything_v_everything_fst.fst ...
done.
7566 markers with valid Fst estimates.
Mean Fst estimate: 0.254961
Weighted Fst estimate: 0.2885

End time: Tue Mar 21 19:29:23 2017
