PLINK v1.90b3.29 64-bit (24 Dec 2015)
Options in effect:
  --bfile ./notfiltered everything/notfiltered_everything
  --fst
  --out granti_v_thomsons_fst
  --within now.clst

Hostname: will-N550RN
Working directory: /home/will/GIT/pop_gen_exam/will/Fst
Start time: Tue Mar 21 19:55:10 2017

Random number seed: 1490122510
15933 MB RAM detected; reserving 7966 MB for main workspace.
7566 variants loaded from .bim file.
95 people (0 males, 0 females, 95 ambiguous) loaded from .fam.
Ambiguous sex IDs written to granti_v_thomsons_fst.nosex .
--within: 2 clusters loaded, covering a total of 40 people.
Using 1 thread (no multithreaded calculations invoked.
Before main variant filters, 95 founders and 0 nonfounders present.
Calculating allele frequencies... done.
Total genotyping rate is 0.869627.
7566 variants and 95 people pass filters and QC.
Note: No phenotypes present.
Writing --fst report (2 populations) to granti_v_thomsons_fst.fst ... done.
6359 markers with valid Fst estimates (1207 excluded).
Mean Fst estimate: 0.161354
Weighted Fst estimate: 0.338305

End time: Tue Mar 21 19:55:10 2017
