PLINK v1.90b3.29 64-bit (24 Dec 2015)
Options in effect:
  --bfile ./notfiltered everything/notfiltered_everything
  --fst
  --out robertsii_v_petersii_fst
  --within now.clst

Hostname: will-N550RN
Working directory: /home/will/GIT/pop_gen_exam/will/Fst
Start time: Tue Mar 21 19:50:52 2017

Random number seed: 1490122252
15933 MB RAM detected; reserving 7966 MB for main workspace.
7566 variants loaded from .bim file.
95 people (0 males, 0 females, 95 ambiguous) loaded from .fam.
Ambiguous sex IDs written to robertsii_v_petersii_fst.nosex .
--within: 3 clusters loaded, covering a total of 46 people.
Using 1 thread (no multithreaded calculations invoked.
Before main variant filters, 95 founders and 0 nonfounders present.
Calculating allele frequencies... done.
Total genotyping rate is 0.869627.
7566 variants and 95 people pass filters and QC.
Note: No phenotypes present.
Writing --fst report (3 populations) to robertsii_v_petersii_fst.fst ... done.
7164 markers with valid Fst estimates (402 excluded).
Mean Fst estimate: 0.326038
Weighted Fst estimate: 0.478511

End time: Tue Mar 21 19:50:52 2017
