PLINK v1.90b3.29 64-bit (24 Dec 2015)
Options in effect:
  --bfile g.robertsii_raw
  --out g.robertsii_std
  --recode

Hostname: will-N550RN
Working directory: /home/will/GIT/pop_gen_exam/processed data/unfiltered/g.robertsii raw
Start time: Wed Mar 22 10:10:54 2017

Random number seed: 1490173854
15933 MB RAM detected; reserving 7966 MB for main workspace.
35174 variants loaded from .bim file.
26 people (0 males, 0 females, 26 ambiguous) loaded from .fam.
Ambiguous sex IDs written to g.robertsii_std.nosex .
Using 1 thread (no multithreaded calculations invoked.
Before main variant filters, 26 founders and 0 nonfounders present.
Calculating allele frequencies... done.
Total genotyping rate is 0.883124.
35174 variants and 26 people pass filters and QC.
Note: No phenotypes present.
--recode to g.robertsii_std.ped + g.robertsii_std.map ... done.

End time: Wed Mar 22 10:10:54 2017
