PLINK v1.90b3.29 64-bit (24 Dec 2015)
Options in effect:
  --bfile toms_only
  --out toms_only_converted
  --recode

Hostname: will-N550RN
Working directory: /home/will/GIT/pop_gen_exam/Will's wonderous workshop!/split/thomsons only
Start time: Tue Mar 21 18:25:34 2017

Random number seed: 1490117134
15933 MB RAM detected; reserving 7966 MB for main workspace.
7566 variants loaded from .bim file.
3 people (0 males, 0 females, 3 ambiguous) loaded from .fam.
Ambiguous sex IDs written to toms_only_converted.nosex .
Using 1 thread (no multithreaded calculations invoked.
Before main variant filters, 3 founders and 0 nonfounders present.
Calculating allele frequencies... done.
Total genotyping rate is 0.775751.
7566 variants and 3 people pass filters and QC.
Note: No phenotypes present.
--recode to toms_only_converted.ped + toms_only_converted.map ... done.

End time: Tue Mar 21 18:25:34 2017
