PLINK v1.90b3.29 64-bit (24 Dec 2015)
Options in effect:
  --bfile species_grant
  --keep-fam notata
  --make-bed
  --out notata_only

Hostname: will-N550RN
Working directory: /home/will/GIT/pop_gen_exam/Will's wonderous workshop!/split
Start time: Tue Mar 21 17:43:59 2017

Random number seed: 1490114639
15933 MB RAM detected; reserving 7966 MB for main workspace.
7566 variants loaded from .bim file.
95 people (0 males, 0 females, 95 ambiguous) loaded from .fam.
Ambiguous sex IDs written to notata_only.nosex .
--keep-fam: 10 people remaining.
Using 1 thread (no multithreaded calculations invoked.
Before main variant filters, 10 founders and 0 nonfounders present.
Calculating allele frequencies... done.
Total genotyping rate in remaining samples is 0.848837.
7566 variants and 10 people pass filters and QC.
Note: No phenotypes present.
--make-bed to notata_only.bed + notata_only.bim + notata_only.fam ... done.

End time: Tue Mar 21 17:43:59 2017
